{
  "stats": {
    "suites": 0,
    "tests": 1,
    "passes": 1,
    "pending": 0,
    "failures": 0,
    "start": "2023-01-04T19:55:38.821Z",
    "end": "2023-01-04T19:55:46.408Z",
    "duration": 7587,
    "testsRegistered": 1,
    "passPercent": 100,
    "pendingPercent": 0,
    "other": 0,
    "hasOther": false,
    "skipped": 0,
    "hasSkipped": false
  },
  "results": [
    {
      "uuid": "660e9a9e-c228-46f0-9d58-370d94c2af34",
      "title": "",
      "fullFile": "cypress\\e2e\\login.cy.ts",
      "file": "cypress\\e2e\\login.cy.ts",
      "beforeHooks": [],
      "afterHooks": [],
      "tests": [
        {
          "title": "logging into application",
          "fullTitle": "logging into application",
          "timedOut": null,
          "duration": 3116,
          "state": "passed",
          "speed": "fast",
          "pass": true,
          "fail": false,
          "pending": false,
          "context": null,
          "code": "cy.visit(\"https://hctra-dashboard.netlify.app/\");\ncy.get('#inputEmail').type(\"user\");\ncy.get('#inputPassword').type(\"password123\");",
          "err": {},
          "uuid": "41ba7b0b-e5e8-4c26-b84d-3912d06121d8",
          "parentUUID": "660e9a9e-c228-46f0-9d58-370d94c2af34",
          "isHook": false,
          "skipped": false
        }
      ],
      "suites": [],
      "passes": [
        "41ba7b0b-e5e8-4c26-b84d-3912d06121d8"
      ],
      "failures": [],
      "pending": [],
      "skipped": [],
      "duration": 3116,
      "root": true,
      "rootEmpty": false,
      "_timeout": 2000
    }
  ],
  "meta": {
    "mocha": {
      "version": "7.0.1"
    },
    "mochawesome": {
      "options": {
        "quiet": false,
        "reportFilename": "mochawesome",
        "saveHtml": false,
        "saveJson": true,
        "consoleReporter": "spec",
        "useInlineDiffs": false,
        "code": true
      },
      "version": "7.1.3"
    },
    "marge": {
      "options": {
        "overwrite": false,
        "html": false,
        "json": true,
        "reportDir": "cypress\\reports\\html\\.jsons"
      },
      "version": "6.2.0"
    }
  }
}