{
  "stats": {
    "suites": 0,
    "tests": 1,
    "passes": 0,
    "pending": 0,
    "failures": 1,
    "start": "2023-01-04T19:55:33.597Z",
    "end": "2023-01-04T19:55:34.176Z",
    "duration": 579,
    "testsRegistered": 1,
    "passPercent": 0,
    "pendingPercent": 0,
    "other": 0,
    "hasOther": false,
    "skipped": 0,
    "hasSkipped": false
  },
  "results": [
    {
      "uuid": "b7c24bd4-acea-4f14-bfd2-1920d1f29659",
      "title": "",
      "fullFile": "cypress\\e2e\\calendarTestCase.cy.ts",
      "file": "cypress\\e2e\\calendarTestCase.cy.ts",
      "beforeHooks": [],
      "afterHooks": [],
      "tests": [
        {
          "title": "Applying different filters and checking the proper page loading",
          "fullTitle": "Applying different filters and checking the proper page loading",
          "timedOut": null,
          "duration": 449,
          "state": "failed",
          "speed": null,
          "pass": false,
          "fail": true,
          "pending": false,
          "context": "{\n  \"title\": \"cypress-mochawesome-reporter-screenshots\",\n  \"value\": [\n    [\n      {\n        \"title\": \"Failed screenshot\",\n        \"value\": \"\\\\calendarTestCase.cy.ts\\\\Applying different filters and checking the proper page loading -- before each hook (failed).png\"\n      }\n    ]\n  ]\n}",
          "code": "Calendar.selcting_date_from_datedropdown(\"Fiscal Report\", \"year-\", \"2021\");\nLeftcontainer.checking_date_range(\"Fiscal Report\", \"Mar 1\", \"Feb 28\", \"2022\", \"2023\"); //Mar 1 - Feb 28 (FY 2022)\nCalendar.selcting_date_from_datedropdown(\"Monthly Report\", \"month\", \"Nov\"); //(Report_Type,Period,Date)\nLeftcontainer.checking_date_range(\"Monthly Report\", \"NOVEMBER 1\", \"30\", \"2022\", \"2023\");\n/*Calendar.selcting_date_from_datedropdown(\"Yearly Report\",\"year\",\"2022\");\nLeftcontainer.checking_date_range(\"Yearly Report\",\"Jan 1\", \"Dec 31\", \"2022\",\"2023\");\nCalendar.selcting_date_from_datedropdown(\"Monthly - Year Comparison\",\"year\",\"2022\");\nLeftcontainer.checking_date_range(\"Monthly - Year Comparison\",\"Nov 1\", \"30\", \"2022\",\"2023\");*/",
          "err": {
            "message": "TypeError: cy.xpath is not a function\n\nBecause this error occurred during a `before each` hook we are skipping all of the remaining tests.",
            "estack": "TypeError: cy.xpath is not a function\n\nBecause this error occurred during a `before each` hook we are skipping all of the remaining tests.\n    at ./cypress/pages/userDashboardPage copy.ts.userdash.Verifying_clicking_on_Tiles (webpack:///./cypress/pages/userDashboardPage copy.ts:39:7)\n    at Context.eval (webpack:///./cypress/e2e/calendarTestCase.cy.ts:22:13)",
            "diff": null
          },
          "uuid": "cb32bfab-5189-4968-9784-fc6afbf39a29",
          "parentUUID": "b7c24bd4-acea-4f14-bfd2-1920d1f29659",
          "isHook": false,
          "skipped": false
        }
      ],
      "suites": [],
      "passes": [],
      "failures": [
        "cb32bfab-5189-4968-9784-fc6afbf39a29"
      ],
      "pending": [],
      "skipped": [],
      "duration": 449,
      "root": true,
      "rootEmpty": false,
      "_timeout": 2000
    }
  ],
  "meta": {
    "mocha": {
      "version": "7.0.1"
    },
    "mochawesome": {
      "options": {
        "quiet": false,
        "reportFilename": "mochawesome",
        "saveHtml": false,
        "saveJson": true,
        "consoleReporter": "spec",
        "useInlineDiffs": false,
        "code": true
      },
      "version": "7.1.3"
    },
    "marge": {
      "options": {
        "overwrite": false,
        "html": false,
        "json": true,
        "reportDir": "cypress\\reports\\html\\.jsons"
      },
      "version": "6.2.0"
    }
  }
}